Analysis & Synthesis report for servo_top
Sat Nov 21 18:25:53 2020
Quartus Prime Version 19.1.0 Build 670 09/22/2019 SJ Lite Edition


---------------------
; Table of Contents ;
---------------------
  1. Legal Notice
  2. Analysis & Synthesis Summary
  3. Analysis & Synthesis Settings
  4. Parallel Compilation
  5. Analysis & Synthesis Source Files Read
  6. Analysis & Synthesis Resource Usage Summary
  7. Analysis & Synthesis Resource Utilization by Entity
  8. Analysis & Synthesis RAM Summary
  9. Registers Removed During Synthesis
 10. General Register Statistics
 11. Registers Packed Into Inferred Megafunctions
 12. Multiplexer Restructuring Statistics (Restructuring Performed)
 13. Source assignments for sine_rom:SINE_ROM|altsyncram:Mux7_rtl_0|altsyncram_p0v:auto_generated
 14. Parameter Settings for User Entity Instance: servo:SERVO
 15. Parameter Settings for User Entity Instance: counter:COUNTER
 16. Parameter Settings for User Entity Instance: sine_rom:SINE_ROM
 17. Parameter Settings for Inferred Entity Instance: sine_rom:SINE_ROM|altsyncram:Mux7_rtl_0
 18. Parameter Settings for Inferred Entity Instance: servo:SERVO|lpm_mult:Mult0
 19. altsyncram Parameter Settings by Entity Instance
 20. lpm_mult Parameter Settings by Entity Instance
 21. Port Connectivity Checks: "counter:COUNTER"
 22. Post-Synthesis Netlist Statistics for Top Partition
 23. Elapsed Time Per Partition
 24. Analysis & Synthesis Messages



----------------
; Legal Notice ;
----------------
Copyright (C) 2019  Intel Corporation. All rights reserved.
Your use of Intel Corporation's design tools, logic functions 
and other software and tools, and any partner logic 
functions, and any output files from any of the foregoing 
(including device programming or simulation files), and any 
associated documentation or information are expressly subject 
to the terms and conditions of the Intel Program License 
Subscription Agreement, the Intel Quartus Prime License Agreement,
the Intel FPGA IP License Agreement, or other applicable license
agreement, including, without limitation, that your use is for
the sole purpose of programming logic devices manufactured by
Intel and sold by Intel or its authorized distributors.  Please
refer to the applicable agreement for further details, at
https://fpgasoftware.intel.com/eula.



+----------------------------------------------------------------------------------+
; Analysis & Synthesis Summary                                                     ;
+------------------------------------+---------------------------------------------+
; Analysis & Synthesis Status        ; Successful - Sat Nov 21 18:25:53 2020       ;
; Quartus Prime Version              ; 19.1.0 Build 670 09/22/2019 SJ Lite Edition ;
; Revision Name                      ; servo_top                                   ;
; Top-level Entity Name              ; top                                         ;
; Family                             ; Cyclone IV E                                ;
; Total logic elements               ; 124                                         ;
;     Total combinational functions  ; 120                                         ;
;     Dedicated logic registers      ; 66                                          ;
; Total registers                    ; 66                                          ;
; Total pins                         ; 3                                           ;
; Total virtual pins                 ; 0                                           ;
; Total memory bits                  ; 2,048                                       ;
; Embedded Multiplier 9-bit elements ; 0                                           ;
; Total PLLs                         ; 0                                           ;
+------------------------------------+---------------------------------------------+


+------------------------------------------------------------------------------------------------------------+
; Analysis & Synthesis Settings                                                                              ;
+------------------------------------------------------------------+--------------------+--------------------+
; Option                                                           ; Setting            ; Default Value      ;
+------------------------------------------------------------------+--------------------+--------------------+
; Device                                                           ; EP4CE6E22C8        ;                    ;
; Top-level entity name                                            ; top                ; servo_top          ;
; Family name                                                      ; Cyclone IV E       ; Cyclone V          ;
; Use smart compilation                                            ; Off                ; Off                ;
; Enable parallel Assembler and Timing Analyzer during compilation ; On                 ; On                 ;
; Enable compact report table                                      ; Off                ; Off                ;
; Restructure Multiplexers                                         ; Auto               ; Auto               ;
; Create Debugging Nodes for IP Cores                              ; Off                ; Off                ;
; Preserve fewer node names                                        ; On                 ; On                 ;
; Intel FPGA IP Evaluation Mode                                    ; Enable             ; Enable             ;
; Verilog Version                                                  ; Verilog_2001       ; Verilog_2001       ;
; VHDL Version                                                     ; VHDL_1993          ; VHDL_1993          ;
; State Machine Processing                                         ; Auto               ; Auto               ;
; Safe State Machine                                               ; Off                ; Off                ;
; Extract Verilog State Machines                                   ; On                 ; On                 ;
; Extract VHDL State Machines                                      ; On                 ; On                 ;
; Ignore Verilog initial constructs                                ; Off                ; Off                ;
; Iteration limit for constant Verilog loops                       ; 5000               ; 5000               ;
; Iteration limit for non-constant Verilog loops                   ; 250                ; 250                ;
; Add Pass-Through Logic to Inferred RAMs                          ; On                 ; On                 ;
; Infer RAMs from Raw Logic                                        ; On                 ; On                 ;
; Parallel Synthesis                                               ; On                 ; On                 ;
; DSP Block Balancing                                              ; Auto               ; Auto               ;
; NOT Gate Push-Back                                               ; On                 ; On                 ;
; Power-Up Don't Care                                              ; On                 ; On                 ;
; Remove Redundant Logic Cells                                     ; Off                ; Off                ;
; Remove Duplicate Registers                                       ; On                 ; On                 ;
; Ignore CARRY Buffers                                             ; Off                ; Off                ;
; Ignore CASCADE Buffers                                           ; Off                ; Off                ;
; Ignore GLOBAL Buffers                                            ; Off                ; Off                ;
; Ignore ROW GLOBAL Buffers                                        ; Off                ; Off                ;
; Ignore LCELL Buffers                                             ; Off                ; Off                ;
; Ignore SOFT Buffers                                              ; On                 ; On                 ;
; Limit AHDL Integers to 32 Bits                                   ; Off                ; Off                ;
; Optimization Technique                                           ; Balanced           ; Balanced           ;
; Carry Chain Length                                               ; 70                 ; 70                 ;
; Auto Carry Chains                                                ; On                 ; On                 ;
; Auto Open-Drain Pins                                             ; On                 ; On                 ;
; Perform WYSIWYG Primitive Resynthesis                            ; Off                ; Off                ;
; Auto ROM Replacement                                             ; On                 ; On                 ;
; Auto RAM Replacement                                             ; On                 ; On                 ;
; Auto DSP Block Replacement                                       ; On                 ; On                 ;
; Auto Shift Register Replacement                                  ; Auto               ; Auto               ;
; Allow Shift Register Merging across Hierarchies                  ; Auto               ; Auto               ;
; Auto Clock Enable Replacement                                    ; On                 ; On                 ;
; Strict RAM Replacement                                           ; Off                ; Off                ;
; Allow Synchronous Control Signals                                ; On                 ; On                 ;
; Force Use of Synchronous Clear Signals                           ; Off                ; Off                ;
; Auto RAM Block Balancing                                         ; On                 ; On                 ;
; Auto RAM to Logic Cell Conversion                                ; Off                ; Off                ;
; Auto Resource Sharing                                            ; Off                ; Off                ;
; Allow Any RAM Size For Recognition                               ; Off                ; Off                ;
; Allow Any ROM Size For Recognition                               ; Off                ; Off                ;
; Allow Any Shift Register Size For Recognition                    ; Off                ; Off                ;
; Use LogicLock Constraints during Resource Balancing              ; On                 ; On                 ;
; Ignore translate_off and synthesis_off directives                ; Off                ; Off                ;
; Timing-Driven Synthesis                                          ; On                 ; On                 ;
; Report Parameter Settings                                        ; On                 ; On                 ;
; Report Source Assignments                                        ; On                 ; On                 ;
; Report Connectivity Checks                                       ; On                 ; On                 ;
; Ignore Maximum Fan-Out Assignments                               ; Off                ; Off                ;
; Synchronization Register Chain Length                            ; 2                  ; 2                  ;
; Power Optimization During Synthesis                              ; Normal compilation ; Normal compilation ;
; HDL message level                                                ; Level2             ; Level2             ;
; Suppress Register Optimization Related Messages                  ; Off                ; Off                ;
; Number of Removed Registers Reported in Synthesis Report         ; 5000               ; 5000               ;
; Number of Swept Nodes Reported in Synthesis Report               ; 5000               ; 5000               ;
; Number of Inverted Registers Reported in Synthesis Report        ; 100                ; 100                ;
; Clock MUX Protection                                             ; On                 ; On                 ;
; Auto Gated Clock Conversion                                      ; Off                ; Off                ;
; Block Design Naming                                              ; Auto               ; Auto               ;
; SDC constraint protection                                        ; Off                ; Off                ;
; Synthesis Effort                                                 ; Auto               ; Auto               ;
; Shift Register Replacement - Allow Asynchronous Clear Signal     ; On                 ; On                 ;
; Pre-Mapping Resynthesis Optimization                             ; Off                ; Off                ;
; Analysis & Synthesis Message Level                               ; Medium             ; Medium             ;
; Disable Register Merging Across Hierarchies                      ; Auto               ; Auto               ;
; Resource Aware Inference For Block RAM                           ; On                 ; On                 ;
+------------------------------------------------------------------+--------------------+--------------------+


+------------------------------------------+
; Parallel Compilation                     ;
+----------------------------+-------------+
; Processors                 ; Number      ;
+----------------------------+-------------+
; Number detected on machine ; 8           ;
; Maximum allowed            ; 4           ;
;                            ;             ;
; Average used               ; 1.00        ;
; Maximum used               ; 4           ;
;                            ;             ;
; Usage by Processor         ; % Time Used ;
;     Processor 1            ; 100.0%      ;
;     Processors 2-4         ;   0.0%      ;
+----------------------------+-------------+


+------------------------------------------------------------------------------------------------------------------------------------------------------------------------------+
; Analysis & Synthesis Source Files Read                                                                                                                                       ;
+----------------------------------+-----------------+------------------------------+--------------------------------------------------------------------------------+---------+
; File Name with User-Entered Path ; Used in Netlist ; File Type                    ; File Name with Absolute Path                                                   ; Library ;
+----------------------------------+-----------------+------------------------------+--------------------------------------------------------------------------------+---------+
; top.vhd                          ; yes             ; User VHDL File               ; F:/FPGA/code/servo/top.vhd                                                     ;         ;
; reset.vhd                        ; yes             ; User VHDL File               ; F:/FPGA/code/servo/reset.vhd                                                   ;         ;
; servo.vhd                        ; yes             ; User VHDL File               ; F:/FPGA/code/servo/servo.vhd                                                   ;         ;
; sine_rom.vhd                     ; yes             ; User VHDL File               ; F:/FPGA/code/servo/sine_rom.vhd                                                ;         ;
; counter.vhd                      ; yes             ; User VHDL File               ; F:/FPGA/code/servo/counter.vhd                                                 ;         ;
; altsyncram.tdf                   ; yes             ; Megafunction                 ; c:/intelfpga_lite/19.1/quartus/libraries/megafunctions/altsyncram.tdf          ;         ;
; stratix_ram_block.inc            ; yes             ; Megafunction                 ; c:/intelfpga_lite/19.1/quartus/libraries/megafunctions/stratix_ram_block.inc   ;         ;
; lpm_mux.inc                      ; yes             ; Megafunction                 ; c:/intelfpga_lite/19.1/quartus/libraries/megafunctions/lpm_mux.inc             ;         ;
; lpm_decode.inc                   ; yes             ; Megafunction                 ; c:/intelfpga_lite/19.1/quartus/libraries/megafunctions/lpm_decode.inc          ;         ;
; aglobal191.inc                   ; yes             ; Megafunction                 ; c:/intelfpga_lite/19.1/quartus/libraries/megafunctions/aglobal191.inc          ;         ;
; a_rdenreg.inc                    ; yes             ; Megafunction                 ; c:/intelfpga_lite/19.1/quartus/libraries/megafunctions/a_rdenreg.inc           ;         ;
; altrom.inc                       ; yes             ; Megafunction                 ; c:/intelfpga_lite/19.1/quartus/libraries/megafunctions/altrom.inc              ;         ;
; altram.inc                       ; yes             ; Megafunction                 ; c:/intelfpga_lite/19.1/quartus/libraries/megafunctions/altram.inc              ;         ;
; altdpram.inc                     ; yes             ; Megafunction                 ; c:/intelfpga_lite/19.1/quartus/libraries/megafunctions/altdpram.inc            ;         ;
; db/altsyncram_p0v.tdf            ; yes             ; Auto-Generated Megafunction  ; F:/FPGA/code/servo/db/altsyncram_p0v.tdf                                       ;         ;
; lpm_mult.tdf                     ; yes             ; Megafunction                 ; c:/intelfpga_lite/19.1/quartus/libraries/megafunctions/lpm_mult.tdf            ;         ;
; lpm_add_sub.inc                  ; yes             ; Megafunction                 ; c:/intelfpga_lite/19.1/quartus/libraries/megafunctions/lpm_add_sub.inc         ;         ;
; multcore.inc                     ; yes             ; Megafunction                 ; c:/intelfpga_lite/19.1/quartus/libraries/megafunctions/multcore.inc            ;         ;
; bypassff.inc                     ; yes             ; Megafunction                 ; c:/intelfpga_lite/19.1/quartus/libraries/megafunctions/bypassff.inc            ;         ;
; altshift.inc                     ; yes             ; Megafunction                 ; c:/intelfpga_lite/19.1/quartus/libraries/megafunctions/altshift.inc            ;         ;
; multcore.tdf                     ; yes             ; Megafunction                 ; c:/intelfpga_lite/19.1/quartus/libraries/megafunctions/multcore.tdf            ;         ;
; csa_add.inc                      ; yes             ; Megafunction                 ; c:/intelfpga_lite/19.1/quartus/libraries/megafunctions/csa_add.inc             ;         ;
; mpar_add.inc                     ; yes             ; Megafunction                 ; c:/intelfpga_lite/19.1/quartus/libraries/megafunctions/mpar_add.inc            ;         ;
; muleabz.inc                      ; yes             ; Megafunction                 ; c:/intelfpga_lite/19.1/quartus/libraries/megafunctions/muleabz.inc             ;         ;
; mul_lfrg.inc                     ; yes             ; Megafunction                 ; c:/intelfpga_lite/19.1/quartus/libraries/megafunctions/mul_lfrg.inc            ;         ;
; mul_boothc.inc                   ; yes             ; Megafunction                 ; c:/intelfpga_lite/19.1/quartus/libraries/megafunctions/mul_boothc.inc          ;         ;
; alt_ded_mult.inc                 ; yes             ; Megafunction                 ; c:/intelfpga_lite/19.1/quartus/libraries/megafunctions/alt_ded_mult.inc        ;         ;
; alt_ded_mult_y.inc               ; yes             ; Megafunction                 ; c:/intelfpga_lite/19.1/quartus/libraries/megafunctions/alt_ded_mult_y.inc      ;         ;
; dffpipe.inc                      ; yes             ; Megafunction                 ; c:/intelfpga_lite/19.1/quartus/libraries/megafunctions/dffpipe.inc             ;         ;
; mpar_add.tdf                     ; yes             ; Megafunction                 ; c:/intelfpga_lite/19.1/quartus/libraries/megafunctions/mpar_add.tdf            ;         ;
; lpm_add_sub.tdf                  ; yes             ; Megafunction                 ; c:/intelfpga_lite/19.1/quartus/libraries/megafunctions/lpm_add_sub.tdf         ;         ;
; addcore.inc                      ; yes             ; Megafunction                 ; c:/intelfpga_lite/19.1/quartus/libraries/megafunctions/addcore.inc             ;         ;
; look_add.inc                     ; yes             ; Megafunction                 ; c:/intelfpga_lite/19.1/quartus/libraries/megafunctions/look_add.inc            ;         ;
; alt_stratix_add_sub.inc          ; yes             ; Megafunction                 ; c:/intelfpga_lite/19.1/quartus/libraries/megafunctions/alt_stratix_add_sub.inc ;         ;
; db/add_sub_mgh.tdf               ; yes             ; Auto-Generated Megafunction  ; F:/FPGA/code/servo/db/add_sub_mgh.tdf                                          ;         ;
; altshift.tdf                     ; yes             ; Megafunction                 ; c:/intelfpga_lite/19.1/quartus/libraries/megafunctions/altshift.tdf            ;         ;
+----------------------------------+-----------------+------------------------------+--------------------------------------------------------------------------------+---------+


+---------------------------------------------------------+
; Analysis & Synthesis Resource Usage Summary             ;
+---------------------------------------------+-----------+
; Resource                                    ; Usage     ;
+---------------------------------------------+-----------+
; Estimated Total logic elements              ; 124       ;
;                                             ;           ;
; Total combinational functions               ; 120       ;
; Logic element usage by number of LUT inputs ;           ;
;     -- 4 input functions                    ; 26        ;
;     -- 3 input functions                    ; 25        ;
;     -- <=2 input functions                  ; 69        ;
;                                             ;           ;
; Logic elements by mode                      ;           ;
;     -- normal mode                          ; 40        ;
;     -- arithmetic mode                      ; 80        ;
;                                             ;           ;
; Total registers                             ; 66        ;
;     -- Dedicated logic registers            ; 66        ;
;     -- I/O registers                        ; 0         ;
;                                             ;           ;
; I/O pins                                    ; 3         ;
; Total memory bits                           ; 2048      ;
;                                             ;           ;
; Embedded Multiplier 9-bit elements          ; 0         ;
;                                             ;           ;
; Maximum fan-out node                        ; clk~input ;
; Maximum fan-out                             ; 74        ;
; Total fan-out                               ; 584       ;
; Average fan-out                             ; 2.92      ;
+---------------------------------------------+-----------+


+--------------------------------------------------------------------------------------------------------------------------------------------------------------------------------------------------------------------------------------------------------------------------------------------------------------------------------+
; Analysis & Synthesis Resource Utilization by Entity                                                                                                                                                                                                                                                                            ;
+------------------------------------------------+---------------------+---------------------------+-------------+--------------+---------+-----------+------+--------------+--------------------------------------------------------------------------------------------------------------------+----------------+--------------+
; Compilation Hierarchy Node                     ; Combinational ALUTs ; Dedicated Logic Registers ; Memory Bits ; DSP Elements ; DSP 9x9 ; DSP 18x18 ; Pins ; Virtual Pins ; Full Hierarchy Name                                                                                                ; Entity Name    ; Library Name ;
+------------------------------------------------+---------------------+---------------------------+-------------+--------------+---------+-----------+------+--------------+--------------------------------------------------------------------------------------------------------------------+----------------+--------------+
; |top                                           ; 120 (1)             ; 66 (0)                    ; 2048        ; 0            ; 0       ; 0         ; 3    ; 0            ; |top                                                                                                               ; top            ; work         ;
;    |counter:COUNTER|                           ; 25 (25)             ; 25 (25)                   ; 0           ; 0            ; 0       ; 0         ; 0    ; 0            ; |top|counter:COUNTER                                                                                               ; counter        ; work         ;
;    |reset:RESET|                               ; 1 (1)               ; 4 (4)                     ; 0           ; 0            ; 0       ; 0         ; 0    ; 0            ; |top|reset:RESET                                                                                                   ; reset          ; work         ;
;    |servo:SERVO|                               ; 93 (63)             ; 37 (37)                   ; 0           ; 0            ; 0       ; 0         ; 0    ; 0            ; |top|servo:SERVO                                                                                                   ; servo          ; work         ;
;       |lpm_mult:Mult0|                         ; 30 (0)              ; 0 (0)                     ; 0           ; 0            ; 0       ; 0         ; 0    ; 0            ; |top|servo:SERVO|lpm_mult:Mult0                                                                                    ; lpm_mult       ; work         ;
;          |multcore:mult_core|                  ; 30 (19)             ; 0 (0)                     ; 0           ; 0            ; 0       ; 0         ; 0    ; 0            ; |top|servo:SERVO|lpm_mult:Mult0|multcore:mult_core                                                                 ; multcore       ; work         ;
;             |mpar_add:padder|                  ; 11 (0)              ; 0 (0)                     ; 0           ; 0            ; 0       ; 0         ; 0    ; 0            ; |top|servo:SERVO|lpm_mult:Mult0|multcore:mult_core|mpar_add:padder                                                 ; mpar_add       ; work         ;
;                |lpm_add_sub:adder[0]|          ; 11 (0)              ; 0 (0)                     ; 0           ; 0            ; 0       ; 0         ; 0    ; 0            ; |top|servo:SERVO|lpm_mult:Mult0|multcore:mult_core|mpar_add:padder|lpm_add_sub:adder[0]                            ; lpm_add_sub    ; work         ;
;                   |add_sub_mgh:auto_generated| ; 11 (11)             ; 0 (0)                     ; 0           ; 0            ; 0       ; 0         ; 0    ; 0            ; |top|servo:SERVO|lpm_mult:Mult0|multcore:mult_core|mpar_add:padder|lpm_add_sub:adder[0]|add_sub_mgh:auto_generated ; add_sub_mgh    ; work         ;
;    |sine_rom:SINE_ROM|                         ; 0 (0)               ; 0 (0)                     ; 2048        ; 0            ; 0       ; 0         ; 0    ; 0            ; |top|sine_rom:SINE_ROM                                                                                             ; sine_rom       ; work         ;
;       |altsyncram:Mux7_rtl_0|                  ; 0 (0)               ; 0 (0)                     ; 2048        ; 0            ; 0       ; 0         ; 0    ; 0            ; |top|sine_rom:SINE_ROM|altsyncram:Mux7_rtl_0                                                                       ; altsyncram     ; work         ;
;          |altsyncram_p0v:auto_generated|       ; 0 (0)               ; 0 (0)                     ; 2048        ; 0            ; 0       ; 0         ; 0    ; 0            ; |top|sine_rom:SINE_ROM|altsyncram:Mux7_rtl_0|altsyncram_p0v:auto_generated                                         ; altsyncram_p0v ; work         ;
+------------------------------------------------+---------------------+---------------------------+-------------+--------------+---------+-----------+------+--------------+--------------------------------------------------------------------------------------------------------------------+----------------+--------------+
Note: For table entries with two numbers listed, the numbers in parentheses indicate the number of resources of the given type used by the specific entity alone. The numbers listed outside of parentheses indicate the total resources of the given type used by the specific entity and all of its sub-entities in the hierarchy.


+----------------------------------------------------------------------------------------------------------------------------------------------------------------------------------------+
; Analysis & Synthesis RAM Summary                                                                                                                                                       ;
+----------------------------------------------------------------------------------+------+------+--------------+--------------+--------------+--------------+------+--------------------+
; Name                                                                             ; Type ; Mode ; Port A Depth ; Port A Width ; Port B Depth ; Port B Width ; Size ; MIF                ;
+----------------------------------------------------------------------------------+------+------+--------------+--------------+--------------+--------------+------+--------------------+
; sine_rom:SINE_ROM|altsyncram:Mux7_rtl_0|altsyncram_p0v:auto_generated|ALTSYNCRAM ; AUTO ; ROM  ; 256          ; 8            ; --           ; --           ; 2048 ; servo.top0.rtl.mif ;
+----------------------------------------------------------------------------------+------+------+--------------+--------------+--------------+--------------+------+--------------------+


+--------------------------------------------------------------------------------+
; Registers Removed During Synthesis                                             ;
+---------------------------------------+----------------------------------------+
; Register name                         ; Reason for Removal                     ;
+---------------------------------------+----------------------------------------+
; servo:SERVO|duty_cycle[0]             ; Stuck at GND due to stuck port data_in ;
; Total Number of Removed Registers = 1 ;                                        ;
+---------------------------------------+----------------------------------------+


+------------------------------------------------------+
; General Register Statistics                          ;
+----------------------------------------------+-------+
; Statistic                                    ; Value ;
+----------------------------------------------+-------+
; Total registers                              ; 66    ;
; Number of registers using Synchronous Clear  ; 45    ;
; Number of registers using Synchronous Load   ; 13    ;
; Number of registers using Asynchronous Clear ; 0     ;
; Number of registers using Asynchronous Load  ; 0     ;
; Number of registers using Clock Enable       ; 0     ;
; Number of registers using Preset             ; 0     ;
+----------------------------------------------+-------+


+--------------------------------------------------------------------+
; Registers Packed Into Inferred Megafunctions                       ;
+------------------------------+------------------------------+------+
; Register Name                ; Megafunction                 ; Type ;
+------------------------------+------------------------------+------+
; sine_rom:SINE_ROM|data[0..7] ; sine_rom:SINE_ROM|Mux7_rtl_0 ; ROM  ;
+------------------------------+------------------------------+------+


+--------------------------------------------------------------------------------------------------------------------------------------------+
; Multiplexer Restructuring Statistics (Restructuring Performed)                                                                             ;
+--------------------+-----------+---------------+----------------------+------------------------+------------+------------------------------+
; Multiplexer Inputs ; Bus Width ; Baseline Area ; Area if Restructured ; Saving if Restructured ; Registered ; Example Multiplexer Output   ;
+--------------------+-----------+---------------+----------------------+------------------------+------------+------------------------------+
; 3:1                ; 20 bits   ; 40 LEs        ; 20 LEs               ; 20 LEs                 ; Yes        ; |top|servo:SERVO|counter[19] ;
+--------------------+-----------+---------------+----------------------+------------------------+------------+------------------------------+


+----------------------------------------------------------------------------------------------+
; Source assignments for sine_rom:SINE_ROM|altsyncram:Mux7_rtl_0|altsyncram_p0v:auto_generated ;
+---------------------------------+--------------------+------+--------------------------------+
; Assignment                      ; Value              ; From ; To                             ;
+---------------------------------+--------------------+------+--------------------------------+
; OPTIMIZE_POWER_DURING_SYNTHESIS ; NORMAL_COMPILATION ; -    ; -                              ;
+---------------------------------+--------------------+------+--------------------------------+


+----------------------------------------------------------+
; Parameter Settings for User Entity Instance: servo:SERVO ;
+----------------+------------+----------------------------+
; Parameter Name ; Value      ; Type                       ;
+----------------+------------+----------------------------+
; clk_hz         ; 50000000.0 ; Signed Float               ;
; pulse_hz       ; 50.0       ; Signed Float               ;
; min_pulse_us   ; 700.0      ; Signed Float               ;
; max_pulse_us   ; 2300.0     ; Signed Float               ;
; step_count     ; 256        ; Signed Integer             ;
+----------------+------------+----------------------------+
Note: In order to hide this table in the UI and the text report file, please set the "Show Parameter Settings in Synthesis Report" option in "Analysis and Synthesis Settings -> More Settings" to "Off".


+--------------------------------------------------------------+
; Parameter Settings for User Entity Instance: counter:COUNTER ;
+----------------+-------+-------------------------------------+
; Parameter Name ; Value ; Type                                ;
+----------------+-------+-------------------------------------+
; counter_bits   ; 25    ; Signed Integer                      ;
+----------------+-------+-------------------------------------+
Note: In order to hide this table in the UI and the text report file, please set the "Show Parameter Settings in Synthesis Report" option in "Analysis and Synthesis Settings -> More Settings" to "Off".


+----------------------------------------------------------------+
; Parameter Settings for User Entity Instance: sine_rom:SINE_ROM ;
+----------------+-------+---------------------------------------+
; Parameter Name ; Value ; Type                                  ;
+----------------+-------+---------------------------------------+
; addr_bits      ; 8     ; Signed Integer                        ;
; data_bits      ; 8     ; Signed Integer                        ;
+----------------+-------+---------------------------------------+
Note: In order to hide this table in the UI and the text report file, please set the "Show Parameter Settings in Synthesis Report" option in "Analysis and Synthesis Settings -> More Settings" to "Off".


+------------------------------------------------------------------------------------------+
; Parameter Settings for Inferred Entity Instance: sine_rom:SINE_ROM|altsyncram:Mux7_rtl_0 ;
+------------------------------------+----------------------+------------------------------+
; Parameter Name                     ; Value                ; Type                         ;
+------------------------------------+----------------------+------------------------------+
; BYTE_SIZE_BLOCK                    ; 8                    ; Untyped                      ;
; AUTO_CARRY_CHAINS                  ; ON                   ; AUTO_CARRY                   ;
; IGNORE_CARRY_BUFFERS               ; OFF                  ; IGNORE_CARRY                 ;
; AUTO_CASCADE_CHAINS                ; ON                   ; AUTO_CASCADE                 ;
; IGNORE_CASCADE_BUFFERS             ; OFF                  ; IGNORE_CASCADE               ;
; WIDTH_BYTEENA                      ; 1                    ; Untyped                      ;
; OPERATION_MODE                     ; ROM                  ; Untyped                      ;
; WIDTH_A                            ; 8                    ; Untyped                      ;
; WIDTHAD_A                          ; 8                    ; Untyped                      ;
; NUMWORDS_A                         ; 256                  ; Untyped                      ;
; OUTDATA_REG_A                      ; UNREGISTERED         ; Untyped                      ;
; ADDRESS_ACLR_A                     ; NONE                 ; Untyped                      ;
; OUTDATA_ACLR_A                     ; NONE                 ; Untyped                      ;
; WRCONTROL_ACLR_A                   ; NONE                 ; Untyped                      ;
; INDATA_ACLR_A                      ; NONE                 ; Untyped                      ;
; BYTEENA_ACLR_A                     ; NONE                 ; Untyped                      ;
; WIDTH_B                            ; 1                    ; Untyped                      ;
; WIDTHAD_B                          ; 1                    ; Untyped                      ;
; NUMWORDS_B                         ; 1                    ; Untyped                      ;
; INDATA_REG_B                       ; CLOCK1               ; Untyped                      ;
; WRCONTROL_WRADDRESS_REG_B          ; CLOCK1               ; Untyped                      ;
; RDCONTROL_REG_B                    ; CLOCK1               ; Untyped                      ;
; ADDRESS_REG_B                      ; CLOCK1               ; Untyped                      ;
; OUTDATA_REG_B                      ; UNREGISTERED         ; Untyped                      ;
; BYTEENA_REG_B                      ; CLOCK1               ; Untyped                      ;
; INDATA_ACLR_B                      ; NONE                 ; Untyped                      ;
; WRCONTROL_ACLR_B                   ; NONE                 ; Untyped                      ;
; ADDRESS_ACLR_B                     ; NONE                 ; Untyped                      ;
; OUTDATA_ACLR_B                     ; NONE                 ; Untyped                      ;
; RDCONTROL_ACLR_B                   ; NONE                 ; Untyped                      ;
; BYTEENA_ACLR_B                     ; NONE                 ; Untyped                      ;
; WIDTH_BYTEENA_A                    ; 1                    ; Untyped                      ;
; WIDTH_BYTEENA_B                    ; 1                    ; Untyped                      ;
; RAM_BLOCK_TYPE                     ; AUTO                 ; Untyped                      ;
; BYTE_SIZE                          ; 8                    ; Untyped                      ;
; READ_DURING_WRITE_MODE_MIXED_PORTS ; DONT_CARE            ; Untyped                      ;
; READ_DURING_WRITE_MODE_PORT_A      ; NEW_DATA_NO_NBE_READ ; Untyped                      ;
; READ_DURING_WRITE_MODE_PORT_B      ; NEW_DATA_NO_NBE_READ ; Untyped                      ;
; INIT_FILE                          ; servo.top0.rtl.mif   ; Untyped                      ;
; INIT_FILE_LAYOUT                   ; PORT_A               ; Untyped                      ;
; MAXIMUM_DEPTH                      ; 0                    ; Untyped                      ;
; CLOCK_ENABLE_INPUT_A               ; NORMAL               ; Untyped                      ;
; CLOCK_ENABLE_INPUT_B               ; NORMAL               ; Untyped                      ;
; CLOCK_ENABLE_OUTPUT_A              ; NORMAL               ; Untyped                      ;
; CLOCK_ENABLE_OUTPUT_B              ; NORMAL               ; Untyped                      ;
; CLOCK_ENABLE_CORE_A                ; USE_INPUT_CLKEN      ; Untyped                      ;
; CLOCK_ENABLE_CORE_B                ; USE_INPUT_CLKEN      ; Untyped                      ;
; ENABLE_ECC                         ; FALSE                ; Untyped                      ;
; ECC_PIPELINE_STAGE_ENABLED         ; FALSE                ; Untyped                      ;
; WIDTH_ECCSTATUS                    ; 3                    ; Untyped                      ;
; DEVICE_FAMILY                      ; Cyclone IV E         ; Untyped                      ;
; CBXI_PARAMETER                     ; altsyncram_p0v       ; Untyped                      ;
+------------------------------------+----------------------+------------------------------+
Note: In order to hide this table in the UI and the text report file, please set the "Show Parameter Settings in Synthesis Report" option in "Analysis and Synthesis Settings -> More Settings" to "Off".


+-------------------------------------------------------------------------------------+
; Parameter Settings for Inferred Entity Instance: servo:SERVO|lpm_mult:Mult0         ;
+------------------------------------------------+--------------+---------------------+
; Parameter Name                                 ; Value        ; Type                ;
+------------------------------------------------+--------------+---------------------+
; AUTO_CARRY_CHAINS                              ; ON           ; AUTO_CARRY          ;
; IGNORE_CARRY_BUFFERS                           ; OFF          ; IGNORE_CARRY        ;
; AUTO_CASCADE_CHAINS                            ; ON           ; AUTO_CASCADE        ;
; IGNORE_CASCADE_BUFFERS                         ; OFF          ; IGNORE_CASCADE      ;
; LPM_WIDTHA                                     ; 8            ; Untyped             ;
; LPM_WIDTHB                                     ; 9            ; Untyped             ;
; LPM_WIDTHP                                     ; 17           ; Untyped             ;
; LPM_WIDTHR                                     ; 17           ; Untyped             ;
; LPM_WIDTHS                                     ; 1            ; Untyped             ;
; LPM_REPRESENTATION                             ; UNSIGNED     ; Untyped             ;
; LPM_PIPELINE                                   ; 0            ; Untyped             ;
; LATENCY                                        ; 0            ; Untyped             ;
; INPUT_A_IS_CONSTANT                            ; NO           ; Untyped             ;
; INPUT_B_IS_CONSTANT                            ; YES          ; Untyped             ;
; USE_EAB                                        ; OFF          ; Untyped             ;
; MAXIMIZE_SPEED                                 ; 5            ; Untyped             ;
; DEVICE_FAMILY                                  ; Cyclone IV E ; Untyped             ;
; CARRY_CHAIN                                    ; MANUAL       ; Untyped             ;
; APEX20K_TECHNOLOGY_MAPPER                      ; LUT          ; TECH_MAPPER_APEX20K ;
; DEDICATED_MULTIPLIER_CIRCUITRY                 ; AUTO         ; Untyped             ;
; DEDICATED_MULTIPLIER_MIN_INPUT_WIDTH_FOR_AUTO  ; 0            ; Untyped             ;
; DEDICATED_MULTIPLIER_MIN_OUTPUT_WIDTH_FOR_AUTO ; 0            ; Untyped             ;
; CBXI_PARAMETER                                 ; NOTHING      ; Untyped             ;
; INPUT_A_FIXED_VALUE                            ; Bx           ; Untyped             ;
; INPUT_B_FIXED_VALUE                            ; Bx           ; Untyped             ;
; USE_AHDL_IMPLEMENTATION                        ; OFF          ; Untyped             ;
+------------------------------------------------+--------------+---------------------+
Note: In order to hide this table in the UI and the text report file, please set the "Show Parameter Settings in Synthesis Report" option in "Analysis and Synthesis Settings -> More Settings" to "Off".


+-------------------------------------------------------------------------------------+
; altsyncram Parameter Settings by Entity Instance                                    ;
+-------------------------------------------+-----------------------------------------+
; Name                                      ; Value                                   ;
+-------------------------------------------+-----------------------------------------+
; Number of entity instances                ; 1                                       ;
; Entity Instance                           ; sine_rom:SINE_ROM|altsyncram:Mux7_rtl_0 ;
;     -- OPERATION_MODE                     ; ROM                                     ;
;     -- WIDTH_A                            ; 8                                       ;
;     -- NUMWORDS_A                         ; 256                                     ;
;     -- OUTDATA_REG_A                      ; UNREGISTERED                            ;
;     -- WIDTH_B                            ; 1                                       ;
;     -- NUMWORDS_B                         ; 1                                       ;
;     -- ADDRESS_REG_B                      ; CLOCK1                                  ;
;     -- OUTDATA_REG_B                      ; UNREGISTERED                            ;
;     -- RAM_BLOCK_TYPE                     ; AUTO                                    ;
;     -- READ_DURING_WRITE_MODE_MIXED_PORTS ; DONT_CARE                               ;
+-------------------------------------------+-----------------------------------------+


+--------------------------------------------------------------------+
; lpm_mult Parameter Settings by Entity Instance                     ;
+---------------------------------------+----------------------------+
; Name                                  ; Value                      ;
+---------------------------------------+----------------------------+
; Number of entity instances            ; 1                          ;
; Entity Instance                       ; servo:SERVO|lpm_mult:Mult0 ;
;     -- LPM_WIDTHA                     ; 8                          ;
;     -- LPM_WIDTHB                     ; 9                          ;
;     -- LPM_WIDTHP                     ; 17                         ;
;     -- LPM_REPRESENTATION             ; UNSIGNED                   ;
;     -- INPUT_A_IS_CONSTANT            ; NO                         ;
;     -- INPUT_B_IS_CONSTANT            ; YES                        ;
;     -- USE_EAB                        ; OFF                        ;
;     -- DEDICATED_MULTIPLIER_CIRCUITRY ; AUTO                       ;
;     -- INPUT_A_FIXED_VALUE            ; Bx                         ;
;     -- INPUT_B_FIXED_VALUE            ; Bx                         ;
+---------------------------------------+----------------------------+


+--------------------------------------------------------------------------------------------------------------------------+
; Port Connectivity Checks: "counter:COUNTER"                                                                              ;
+----------------+--------+----------+-------------------------------------------------------------------------------------+
; Port           ; Type   ; Severity ; Details                                                                             ;
+----------------+--------+----------+-------------------------------------------------------------------------------------+
; count_enable   ; Input  ; Info     ; Stuck at VCC                                                                        ;
; counter[16..0] ; Output ; Info     ; Connected to dangling logic. Logic that only feeds a dangling port will be removed. ;
+----------------+--------+----------+-------------------------------------------------------------------------------------+


+-----------------------------------------------------+
; Post-Synthesis Netlist Statistics for Top Partition ;
+-----------------------+-----------------------------+
; Type                  ; Count                       ;
+-----------------------+-----------------------------+
; boundary_port         ; 3                           ;
; cycloneiii_ff         ; 66                          ;
;     SCLR              ; 45                          ;
;     SLD               ; 13                          ;
;     plain             ; 8                           ;
; cycloneiii_lcell_comb ; 120                         ;
;     arith             ; 80                          ;
;         2 data inputs ; 57                          ;
;         3 data inputs ; 23                          ;
;     normal            ; 40                          ;
;         0 data inputs ; 1                           ;
;         1 data inputs ; 4                           ;
;         2 data inputs ; 7                           ;
;         3 data inputs ; 2                           ;
;         4 data inputs ; 26                          ;
; cycloneiii_ram_block  ; 8                           ;
;                       ;                             ;
; Max LUT depth         ; 4.00                        ;
; Average LUT depth     ; 2.94                        ;
+-----------------------+-----------------------------+


+-------------------------------+
; Elapsed Time Per Partition    ;
+----------------+--------------+
; Partition Name ; Elapsed Time ;
+----------------+--------------+
; Top            ; 00:00:07     ;
+----------------+--------------+


+-------------------------------+
; Analysis & Synthesis Messages ;
+-------------------------------+
Info: *******************************************************************
Info: Running Quartus Prime Analysis & Synthesis
    Info: Version 19.1.0 Build 670 09/22/2019 SJ Lite Edition
    Info: Processing started: Sat Nov 21 18:25:17 2020
Info: Command: quartus_map --read_settings_files=on --write_settings_files=off servo -c servo_top
Warning (18236): Number of processors has not been specified which may cause overloading on shared machines.  Set the global assignment NUM_PARALLEL_PROCESSORS in your QSF to an appropriate value for best performance.
Info (20030): Parallel compilation is enabled and will use 4 of the 4 processors detected
Info (12021): Found 2 design units, including 1 entities, in source file top.vhd
    Info (12022): Found design unit 1: top-str File: F:/FPGA/code/servo/top.vhd Line: 20
    Info (12023): Found entity 1: top File: F:/FPGA/code/servo/top.vhd Line: 12
Info (12021): Found 2 design units, including 1 entities, in source file reset.vhd
    Info (12022): Found design unit 1: reset-rtl File: F:/FPGA/code/servo/reset.vhd Line: 13
    Info (12023): Found entity 1: reset File: F:/FPGA/code/servo/reset.vhd Line: 5
Info (12021): Found 2 design units, including 1 entities, in source file servo.vhd
    Info (12022): Found design unit 1: servo-rtl File: F:/FPGA/code/servo/servo.vhd Line: 34
    Info (12023): Found entity 1: servo File: F:/FPGA/code/servo/servo.vhd Line: 9
Info (12021): Found 2 design units, including 1 entities, in source file sine_rom.vhd
    Info (12022): Found design unit 1: sine_rom-rtl File: F:/FPGA/code/servo/sine_rom.vhd Line: 19
    Info (12023): Found entity 1: sine_rom File: F:/FPGA/code/servo/sine_rom.vhd Line: 7
Info (12021): Found 2 design units, including 1 entities, in source file counter.vhd
    Info (12022): Found design unit 1: counter-rtl File: F:/FPGA/code/servo/counter.vhd Line: 19
    Info (12023): Found entity 1: counter File: F:/FPGA/code/servo/counter.vhd Line: 7
Info (12127): Elaborating entity "top" for the top level hierarchy
Info (12129): Elaborating entity "reset" using architecture "A:rtl" for hierarchy "reset:RESET" File: F:/FPGA/code/servo/top.vhd Line: 50
Info (12129): Elaborating entity "servo" using architecture "A:rtl" for hierarchy "servo:SERVO" File: F:/FPGA/code/servo/top.vhd Line: 58
Info (12129): Elaborating entity "counter" using architecture "A:rtl" for hierarchy "counter:COUNTER" File: F:/FPGA/code/servo/top.vhd Line: 75
Info (12129): Elaborating entity "sine_rom" using architecture "A:rtl" for hierarchy "sine_rom:SINE_ROM" File: F:/FPGA/code/servo/top.vhd Line: 90
Warning (10542): VHDL Variable Declaration warning at math_real_vhdl1993.vhd(3004): used initial value expression for variable "NEGATIVE" because variable was never assigned a value File: c:/intelfpga_lite/19.1/quartus/libraries/vhdl/ieee/1993/math_real_vhdl1993.vhd Line: 3004
Info (19000): Inferred 1 megafunctions from design logic
    Info (276031): Inferred altsyncram megafunction from the following design logic: "sine_rom:SINE_ROM|Mux7_rtl_0"
        Info (286033): Parameter OPERATION_MODE set to ROM
        Info (286033): Parameter WIDTH_A set to 8
        Info (286033): Parameter WIDTHAD_A set to 8
        Info (286033): Parameter NUMWORDS_A set to 256
        Info (286033): Parameter OUTDATA_REG_A set to UNREGISTERED
        Info (286033): Parameter RAM_BLOCK_TYPE set to AUTO
        Info (286033): Parameter INIT_FILE set to servo.top0.rtl.mif
Info (278001): Inferred 1 megafunctions from design logic
    Info (278003): Inferred multiplier megafunction ("lpm_mult") from the following logic: "servo:SERVO|Mult0" File: F:/FPGA/code/servo/servo.vhd Line: 113
Info (12130): Elaborated megafunction instantiation "sine_rom:SINE_ROM|altsyncram:Mux7_rtl_0"
Info (12133): Instantiated megafunction "sine_rom:SINE_ROM|altsyncram:Mux7_rtl_0" with the following parameter:
    Info (12134): Parameter "OPERATION_MODE" = "ROM"
    Info (12134): Parameter "WIDTH_A" = "8"
    Info (12134): Parameter "WIDTHAD_A" = "8"
    Info (12134): Parameter "NUMWORDS_A" = "256"
    Info (12134): Parameter "OUTDATA_REG_A" = "UNREGISTERED"
    Info (12134): Parameter "RAM_BLOCK_TYPE" = "AUTO"
    Info (12134): Parameter "INIT_FILE" = "servo.top0.rtl.mif"
Info (12021): Found 1 design units, including 1 entities, in source file db/altsyncram_p0v.tdf
    Info (12023): Found entity 1: altsyncram_p0v File: F:/FPGA/code/servo/db/altsyncram_p0v.tdf Line: 28
Info (12130): Elaborated megafunction instantiation "servo:SERVO|lpm_mult:Mult0" File: F:/FPGA/code/servo/servo.vhd Line: 113
Info (12133): Instantiated megafunction "servo:SERVO|lpm_mult:Mult0" with the following parameter: File: F:/FPGA/code/servo/servo.vhd Line: 113
    Info (12134): Parameter "LPM_WIDTHA" = "8"
    Info (12134): Parameter "LPM_WIDTHB" = "9"
    Info (12134): Parameter "LPM_WIDTHP" = "17"
    Info (12134): Parameter "LPM_WIDTHR" = "17"
    Info (12134): Parameter "LPM_WIDTHS" = "1"
    Info (12134): Parameter "LPM_REPRESENTATION" = "UNSIGNED"
    Info (12134): Parameter "INPUT_A_IS_CONSTANT" = "NO"
    Info (12134): Parameter "INPUT_B_IS_CONSTANT" = "YES"
    Info (12134): Parameter "MAXIMIZE_SPEED" = "5"
Info (12131): Elaborated megafunction instantiation "servo:SERVO|lpm_mult:Mult0|multcore:mult_core", which is child of megafunction instantiation "servo:SERVO|lpm_mult:Mult0" File: c:/intelfpga_lite/19.1/quartus/libraries/megafunctions/lpm_mult.tdf Line: 309
Info (12131): Elaborated megafunction instantiation "servo:SERVO|lpm_mult:Mult0|multcore:mult_core|mpar_add:padder", which is child of megafunction instantiation "servo:SERVO|lpm_mult:Mult0" File: c:/intelfpga_lite/19.1/quartus/libraries/megafunctions/multcore.tdf Line: 229
Info (12131): Elaborated megafunction instantiation "servo:SERVO|lpm_mult:Mult0|multcore:mult_core|mpar_add:padder|lpm_add_sub:adder[0]", which is child of megafunction instantiation "servo:SERVO|lpm_mult:Mult0" File: c:/intelfpga_lite/19.1/quartus/libraries/megafunctions/mpar_add.tdf Line: 78
Info (12021): Found 1 design units, including 1 entities, in source file db/add_sub_mgh.tdf
    Info (12023): Found entity 1: add_sub_mgh File: F:/FPGA/code/servo/db/add_sub_mgh.tdf Line: 23
Info (12131): Elaborated megafunction instantiation "servo:SERVO|lpm_mult:Mult0|altshift:external_latency_ffs", which is child of megafunction instantiation "servo:SERVO|lpm_mult:Mult0" File: c:/intelfpga_lite/19.1/quartus/libraries/megafunctions/lpm_mult.tdf Line: 352
Info (286030): Timing-Driven Synthesis is running
Info (16010): Generating hard_block partition "hard_block:auto_generated_inst"
    Info (16011): Adding 0 node(s), including 0 DDIO, 0 PLL, 0 transceiver and 0 LCELL
Info (21057): Implemented 135 device resources after synthesis - the final resource count might be different
    Info (21058): Implemented 2 input pins
    Info (21059): Implemented 1 output pins
    Info (21061): Implemented 124 logic cells
    Info (21064): Implemented 8 RAM segments
Info: Quartus Prime Analysis & Synthesis was successful. 0 errors, 2 warnings
    Info: Peak virtual memory: 4838 megabytes
    Info: Processing ended: Sat Nov 21 18:25:53 2020
    Info: Elapsed time: 00:00:36
    Info: Total CPU time (on all processors): 00:00:29


